#
# There is insufficient memory for the Java Runtime Environment to continue.
# Native memory allocation (mmap) failed to map 134217728 bytes. Error detail: G1 virtual space
# Possible reasons:
#   The system is out of physical RAM or swap space
#   This process is running with CompressedOops enabled, and the Java Heap may be blocking the growth of the native heap
# Possible solutions:
#   Reduce memory load on the system
#   Increase physical memory or swap space
#   Check if swap backing store is full
#   Decrease Java heap size (-Xmx/-Xms)
#   Decrease number of Java threads
#   Decrease Java thread stack sizes (-Xss)
#   Set larger code cache with -XX:ReservedCodeCacheSize=
#   JVM is running with Unscaled Compressed Oops mode in which the Java heap is
#     placed in the first 4GB address space. The Java Heap base address is the
#     maximum limit for the native heap growth. Please use -XX:HeapBaseMinAddress
#     to set the Java Heap base and to place the Java Heap above 4GB virtual address.
# This output file may be truncated or incomplete.
#
#  Out of Memory Error (os_windows.cpp:3825), pid=68708, tid=71276
#
# JRE version:  (17.0.11+1) (build )
# Java VM: OpenJDK 64-Bit Server VM (17.0.11+1-b1207.30, mixed mode, sharing, tiered, compressed oops, compressed class ptrs, g1 gc, windows-amd64)
# No core dump will be written. Minidumps are not enabled by default on client versions of Windows
#

---------------  S U M M A R Y ------------

Command Line: -Djava.rmi.server.hostname=127.0.0.1 -Duser.timezone=UTC -Xmx2048m -Xms128m -Djdbc.classpath=D:\idea2024\IntelliJ IDEA 2024.1.6\plugins\DatabaseTools\lib\jdbc-console.jar;C:\Users\张凯铭\AppData\Roaming\JetBrains\IntelliJIdea2024.1\jdbc-drivers\MySQL ConnectorJ\8.2.0\com\mysql\mysql-connector-j\8.2.0\mysql-connector-j-8.2.0.jar;C:\Users\张凯铭\AppData\Roaming\JetBrains\IntelliJIdea2024.1\jdbc-drivers\MySQL ConnectorJ\8.2.0\com\google\protobuf\protobuf-java\3.21.9\protobuf-java-3.21.9.jar --add-exports=java.desktop/sun.awt=ALL-UNNAMED --add-exports=java.desktop/java.awt.peer=ALL-UNNAMED --add-opens=java.desktop/java.awt=ALL-UNNAMED --add-opens=jdk.unsupported/sun.misc=ALL-UNNAMED --add-opens=java.base/java.nio=ALL-UNNAMED --add-opens=java.base/java.util=ALL-UNNAMED -Dfile.encoding=UTF-8 com.intellij.database.remote.RemoteJdbcServer com.mysql.cj.jdbc.Driver

Host: 11th Gen Intel(R) Core(TM) i7-1165G7 @ 2.80GHz, 8 cores, 15G,  Windows 11 , 64 bit Build 22621 (10.0.22621.5124)
Time: Mon Apr 28 21:38:25 2025  Windows 11 , 64 bit Build 22621 (10.0.22621.5124) elapsed time: 0.012694 seconds (0d 0h 0m 0s)

---------------  T H R E A D  ---------------

Current thread (0x0000014eb533d540):  JavaThread "Unknown thread" [_thread_in_vm, id=71276, stack(0x0000000100600000,0x0000000100700000)]

Stack: [0x0000000100600000,0x0000000100700000]
Native frames: (J=compiled Java code, j=interpreted, Vv=VM code, C=native code)
V  [jvm.dll+0x6877f9]
V  [jvm.dll+0x8411aa]
V  [jvm.dll+0x842e2e]
V  [jvm.dll+0x843493]
V  [jvm.dll+0x249fdf]
V  [jvm.dll+0x6845c9]
V  [jvm.dll+0x678e7a]
V  [jvm.dll+0x30ab4b]
V  [jvm.dll+0x311ff6]
V  [jvm.dll+0x361a5e]
V  [jvm.dll+0x361c8f]
V  [jvm.dll+0x2e0978]
V  [jvm.dll+0x2e18e4]
V  [jvm.dll+0x811c71]
V  [jvm.dll+0x36f7c8]
V  [jvm.dll+0x7f05f6]
V  [jvm.dll+0x3f398f]
V  [jvm.dll+0x3f5541]
C  [jli.dll+0x528f]
C  [ucrtbase.dll+0x29333]
C  [KERNEL32.DLL+0x1259d]
C  [ntdll.dll+0x5af38]


---------------  P R O C E S S  ---------------

Threads class SMR info:
_java_thread_list=0x00007ffe6ba1efd8, length=0, elements={
}

Java Threads: ( => current thread )

Other Threads:
  0x0000014eb539a430 GCTaskThread "GC Thread#0" [stack: 0x0000000100700000,0x0000000100800000] [id=66584]
  0x0000014eb53ab380 ConcurrentGCThread "G1 Main Marker" [stack: 0x0000000100800000,0x0000000100900000] [id=62152]
  0x0000014eb53abda0 ConcurrentGCThread "G1 Conc#0" [stack: 0x0000000100900000,0x0000000100a00000] [id=48788]

[error occurred during error reporting (printing all threads), id 0xc0000005, EXCEPTION_ACCESS_VIOLATION (0xc0000005) at pc=0x00007ffe6b1d1547]

VM state: not at safepoint (not fully initialized)

VM Mutex/Monitor currently owned by a thread:  ([mutex/lock_event])
[0x0000014eb5339100] Heap_lock - owner thread: 0x0000014eb533d540

Heap address: 0x0000000080000000, size: 2048 MB, Compressed Oops mode: 32-bit

CDS archive(s) mapped at: [0x0000000000000000-0x0000000000000000-0x0000000000000000), size 0, SharedBaseAddress: 0x0000000800000000, ArchiveRelocationMode: 1.
Narrow klass base: 0x0000000000000000, Narrow klass shift: 0, Narrow klass range: 0x0

GC Precious Log:
<Empty>

Heap:
 garbage-first heap   total 0K, used 0K [0x0000000080000000, 0x0000000100000000)
  region size 1024K, 0 young (0K), 0 survivors (0K)
 Metaspace       used 0K, committed 0K, reserved 0K
  class space    used 0K, committed 0K, reserved 0K

Heap Regions: E=young(eden), S=young(survivor), O=old, HS=humongous(starts), HC=humongous(continues), CS=collection set, F=free, OA=open archive, CA=closed archive, TAMS=top-at-mark-start (previous, next)

Card table byte_map: [0x0000014eca110000,0x0000014eca510000] _byte_map_base: 0x0000014ec9d10000

Marking Bits (Prev, Next): (CMBitMap*) 0x0000014eb539aa50, (CMBitMap*) 0x0000014eb539aa90
 Prev Bits: [0x0000014eca910000, 0x0000014ecc910000)
 Next Bits: [0x0000014ecc910000, 0x0000014ece910000)

GC Heap History (0 events):
No events

Dll operation events (1 events):
Event: 0.009 Loaded shared library D:\idea2024\IntelliJ IDEA 2024.1.6\jbr\bin\java.dll

Deoptimization events (0 events):
No events

Classes unloaded (0 events):
No events

Classes redefined (0 events):
No events

Internal exceptions (0 events):
No events

VM Operations (0 events):
No events

Events (0 events):
No events


Dynamic libraries:
0x00007ff7be1e0000 - 0x00007ff7be1ea000 	D:\idea2024\IntelliJ IDEA 2024.1.6\jbr\bin\java.exe
0x00007ffef67f0000 - 0x00007ffef6a07000 	C:\WINDOWS\SYSTEM32\ntdll.dll
0x00007ffef5b80000 - 0x00007ffef5c44000 	C:\WINDOWS\System32\KERNEL32.DLL
0x00007ffef3bc0000 - 0x00007ffef3f93000 	C:\WINDOWS\System32\KERNELBASE.dll
0x00007ffef42d0000 - 0x00007ffef43e1000 	C:\WINDOWS\System32\ucrtbase.dll
0x00007ffee07b0000 - 0x00007ffee07cb000 	D:\idea2024\IntelliJ IDEA 2024.1.6\jbr\bin\VCRUNTIME140.dll
0x00007ffedc3d0000 - 0x00007ffedc3e7000 	D:\idea2024\IntelliJ IDEA 2024.1.6\jbr\bin\jli.dll
0x00007ffef5660000 - 0x00007ffef5811000 	C:\WINDOWS\System32\USER32.dll
0x00007ffef3900000 - 0x00007ffef3926000 	C:\WINDOWS\System32\win32u.dll
0x00007ffef4490000 - 0x00007ffef44b9000 	C:\WINDOWS\System32\GDI32.dll
0x00007ffef3960000 - 0x00007ffef3a7b000 	C:\WINDOWS\System32\gdi32full.dll
0x00007ffef43f0000 - 0x00007ffef448a000 	C:\WINDOWS\System32\msvcp_win.dll
0x00007ffeda180000 - 0x00007ffeda418000 	C:\WINDOWS\WinSxS\amd64_microsoft.windows.common-controls_6595b64144ccf1df_6.0.22621.5124_none_270e8f4f7386d69d\COMCTL32.dll
0x00007ffef5d70000 - 0x00007ffef5e17000 	C:\WINDOWS\System32\msvcrt.dll
0x00007ffef4c70000 - 0x00007ffef4ca1000 	C:\WINDOWS\System32\IMM32.DLL
0x00007ffee0880000 - 0x00007ffee088c000 	D:\idea2024\IntelliJ IDEA 2024.1.6\jbr\bin\vcruntime140_1.dll
0x00007ffeb78b0000 - 0x00007ffeb793d000 	D:\idea2024\IntelliJ IDEA 2024.1.6\jbr\bin\msvcp140.dll
0x00007ffe6aee0000 - 0x00007ffe6bb63000 	D:\idea2024\IntelliJ IDEA 2024.1.6\jbr\bin\server\jvm.dll
0x00007ffef5c50000 - 0x00007ffef5d01000 	C:\WINDOWS\System32\ADVAPI32.dll
0x00007ffef6030000 - 0x00007ffef60d8000 	C:\WINDOWS\System32\sechost.dll
0x00007ffef3930000 - 0x00007ffef3958000 	C:\WINDOWS\System32\bcrypt.dll
0x00007ffef6620000 - 0x00007ffef6734000 	C:\WINDOWS\System32\RPCRT4.dll
0x00007ffedf430000 - 0x00007ffedf439000 	C:\WINDOWS\SYSTEM32\WSOCK32.dll
0x00007ffef2750000 - 0x00007ffef279d000 	C:\WINDOWS\SYSTEM32\POWRPROF.dll
0x00007ffef65a0000 - 0x00007ffef6611000 	C:\WINDOWS\System32\WS2_32.dll
0x00007ffeee330000 - 0x00007ffeee364000 	C:\WINDOWS\SYSTEM32\WINMM.dll
0x00007ffeef4b0000 - 0x00007ffeef4ba000 	C:\WINDOWS\SYSTEM32\VERSION.dll
0x00007ffef2720000 - 0x00007ffef2733000 	C:\WINDOWS\SYSTEM32\UMPDC.dll
0x00007ffef29f0000 - 0x00007ffef2a08000 	C:\WINDOWS\SYSTEM32\kernel.appcore.dll
0x00007ffedc400000 - 0x00007ffedc40a000 	D:\idea2024\IntelliJ IDEA 2024.1.6\jbr\bin\jimage.dll
0x00007ffef1220000 - 0x00007ffef1452000 	C:\WINDOWS\SYSTEM32\DBGHELP.DLL
0x00007ffef60f0000 - 0x00007ffef6482000 	C:\WINDOWS\System32\combase.dll
0x00007ffef5e20000 - 0x00007ffef5ef7000 	C:\WINDOWS\System32\OLEAUT32.dll
0x00007ffee2120000 - 0x00007ffee2152000 	C:\WINDOWS\SYSTEM32\dbgcore.DLL
0x00007ffef3a80000 - 0x00007ffef3afb000 	C:\WINDOWS\System32\bcryptPrimitives.dll
0x00007ffedc3a0000 - 0x00007ffedc3c5000 	D:\idea2024\IntelliJ IDEA 2024.1.6\jbr\bin\java.dll

dbghelp: loaded successfully - version: 4.0.5 - missing functions: none
symbol engine: initialized successfully - sym options: 0x614 - pdb path: .;D:\idea2024\IntelliJ IDEA 2024.1.6\jbr\bin;C:\WINDOWS\SYSTEM32;C:\WINDOWS\WinSxS\amd64_microsoft.windows.common-controls_6595b64144ccf1df_6.0.22621.5124_none_270e8f4f7386d69d;D:\idea2024\IntelliJ IDEA 2024.1.6\jbr\bin\server

VM Arguments:
jvm_args: -Djava.rmi.server.hostname=127.0.0.1 -Duser.timezone=UTC -Xmx2048m -Xms128m -Djdbc.classpath=D:\idea2024\IntelliJ IDEA 2024.1.6\plugins\DatabaseTools\lib\jdbc-console.jar;C:\Users\张凯铭\AppData\Roaming\JetBrains\IntelliJIdea2024.1\jdbc-drivers\MySQL ConnectorJ\8.2.0\com\mysql\mysql-connector-j\8.2.0\mysql-connector-j-8.2.0.jar;C:\Users\张凯铭\AppData\Roaming\JetBrains\IntelliJIdea2024.1\jdbc-drivers\MySQL ConnectorJ\8.2.0\com\google\protobuf\protobuf-java\3.21.9\protobuf-java-3.21.9.jar --add-exports=java.desktop/sun.awt=ALL-UNNAMED --add-exports=java.desktop/java.awt.peer=ALL-UNNAMED --add-opens=java.desktop/java.awt=ALL-UNNAMED --add-opens=jdk.unsupported/sun.misc=ALL-UNNAMED --add-opens=java.base/java.nio=ALL-UNNAMED --add-opens=java.base/java.util=ALL-UNNAMED -Dfile.encoding=UTF-8 
java_command: com.intellij.database.remote.RemoteJdbcServer com.mysql.cj.jdbc.Driver
java_class_path (initial): D:\idea2024\IntelliJ IDEA 2024.1.6\lib\util_rt.jar;D:\idea2024\IntelliJ IDEA 2024.1.6\lib\util-8.jar;D:\idea2024\IntelliJ IDEA 2024.1.6\lib\groovy.jar;D:\idea2024\IntelliJ IDEA 2024.1.6\plugins\DatabaseTools\lib\jdbc-console.jar;D:\idea2024\IntelliJ IDEA 2024.1.6\plugins\grid-core-impl\lib\jdbc-console-types.jar;D:\idea2024\IntelliJ IDEA 2024.1.6\lib\util.jar
Launcher Type: SUN_STANDARD

[Global flags]
     intx CICompilerCount                          = 4                                         {product} {ergonomic}
     uint ConcGCThreads                            = 2                                         {product} {ergonomic}
     uint G1ConcRefinementThreads                  = 8                                         {product} {ergonomic}
   size_t G1HeapRegionSize                         = 1048576                                   {product} {ergonomic}
    uintx GCDrainStackTargetSize                   = 64                                        {product} {ergonomic}
   size_t InitialHeapSize                          = 134217728                                 {product} {command line}
   size_t MarkStackSize                            = 4194304                                   {product} {ergonomic}
   size_t MaxHeapSize                              = 2147483648                                {product} {command line}
   size_t MinHeapDeltaBytes                        = 1048576                                   {product} {ergonomic}
   size_t MinHeapSize                              = 134217728                                 {product} {command line}
    uintx NonNMethodCodeHeapSize                   = 5839372                                {pd product} {ergonomic}
    uintx NonProfiledCodeHeapSize                  = 122909434                              {pd product} {ergonomic}
    uintx ProfiledCodeHeapSize                     = 122909434                              {pd product} {ergonomic}
    uintx ReservedCodeCacheSize                    = 251658240                              {pd product} {ergonomic}
     bool SegmentedCodeCache                       = true                                      {product} {ergonomic}
   size_t SoftMaxHeapSize                          = 2147483648                             {manageable} {ergonomic}
     bool UseCompressedClassPointers               = true                           {product lp64_product} {ergonomic}
     bool UseCompressedOops                        = true                           {product lp64_product} {ergonomic}
     bool UseG1GC                                  = true                                      {product} {ergonomic}
     bool UseLargePagesIndividualAllocation        = false                                  {pd product} {ergonomic}

Logging:
Log output configuration:
 #0: stdout all=warning uptime,level,tags
 #1: stderr all=off uptime,level,tags

Environment Variables:
JAVA_HOME=E:\jdk11
PATH=E:\jdk11\bin;D:\下载软件\VMware\bin\;C:\;rogramData\Oracle\Java\javapath;C:\Windows\system32;C:\Windows;C:\Windows\System32\Wbem;C:\Windows\System32\WindowsPowerShell\v1.0\;C:\Windows\System32\OpenSSH\;C:\Program Files\NVIDIA Corporation\NVIDIA NvDLISR;C:\WINDOWS\system32;C:\WINDOWS;C:\WINDOWS\System32\Wbem;C:\WINDOWS\System32\WindowsPowerShell\v1.0\;C:\WINDOWS\System32\OpenSSH\;C:\Program Files\dotnet\;D:\下载软件\微信小程序开发软件\微信web开发者工具\dll;D:\MySQL\MySQL Serv;r 8.0\bin;C:\Program Files\Common Files\Oracle\Java\javapath;E:\Maven\apache-maven-3.9.6-bin\apache-maven-3.9.6\bin;D:\下载软件\Xshell\;D:\;载软件\Xftp\;C;Program Files\Git\cmd;%MAVEN_HOME\bin%;E:\GlobalNodeModules\node_modules\yarn\bin;D:\下载软件\calibre\;D:\;载软件\Xftp\;D:;Software\Python;E:\tomcat8.5.24\bin;D:\Git\cmd;D:\Software-Java\erlang1\Erlang OTP\bin;D:\Software-Java\RabbitMq\rabbitmq_server-3.12.0\sbin;D:\Node.js\;D:\Software\Python\Scripts\;D:\Software\Python\;C:\Users\张凯铭\AppData\Local\Programs\Python\Launcher\;D:\MySQL\MySQL Shell 8.0\bin\;C:\Users\张凯铭\AppData\Local\Microsoft\WindowsApps;D:\VScode\Microsoft VS Code\bin;D:\IDEA\IntelliJ IDEA Community Edition 2023.2.5\bin;;D:\idea2024\IntelliJ IDEA 2024.1.6\bin;;D:\下载软件\cpolar内网穿透\;D:\Software\PyCharm 2023.2.8\bin;;C:\Users\张凯铭\AppData\Roaming\npm
USERNAME=张凯铭
OS=Windows_NT
PROCESSOR_IDENTIFIER=Intel64 Family 6 Model 140 Stepping 1, GenuineIntel
TMP=C:\Users\张凯铭\AppData\Local\Temp
TEMP=C:\Users\张凯铭\AppData\Local\Temp



Periodic native trim disabled

JNI global refs:
JNI global refs: 0, weak refs: 0

JNI global refs memory usage: 0, weak refs: 0

Process memory usage:
Resident Set Size: 11972K (0% of 16505636K total physical memory with 479144K free physical memory)

OOME stack traces (most recent first):
Classloader memory used:


---------------  S Y S T E M  ---------------

OS:
 Windows 11 , 64 bit Build 22621 (10.0.22621.5124)
OS uptime: 9 days 6:16 hours
Hyper-V role detected

CPU: total 8 (initial active 8) (4 cores per cpu, 2 threads per core) family 6 model 140 stepping 1 microcode 0xba, cx8, cmov, fxsr, ht, mmx, 3dnowpref, sse, sse2, sse3, ssse3, sse4.1, sse4.2, popcnt, lzcnt, tsc, tscinvbit, avx, avx2, aes, erms, clmul, bmi1, bmi2, adx, avx512f, avx512dq, avx512cd, avx512bw, avx512vl, sha, fma, vzeroupper, avx512_vpopcntdq, avx512_vpclmulqdq, avx512_vaes, avx512_vnni, clflush, clflushopt, clwb, avx512_vbmi2, avx512_vbmi, hv
Processor Information for all 8 processors :
  Max Mhz: 2803, Current Mhz: 2803, Mhz Limit: 2803

Memory: 4k page, system-wide physical 16118M (467M free)
TotalPageFile size 34867M (AvailPageFile size 70M)
current process WorkingSet (physical memory assigned to process): 11M, peak: 11M
current process commit charge ("private bytes"): 60M, peak: 188M

vm_info: OpenJDK 64-Bit Server VM (17.0.11+1-b1207.30) for windows-amd64 JRE (17.0.11+1-b1207.30), built on 2024-07-12 by "builduser" with MS VC++ 16.10 / 16.11 (VS2019)

END.
